app/build/outputs/logs/manifest-merger-debug-report.txt
-- Merging decision tree log ---
manifest
ADDED from src\main\AndroidManifest.xml:2:1-49:12
	package
		ADDED from src\main\AndroidManifest.xml:3:5-38
		INJECTED from src\main\AndroidManifest.xml
		INJECTED from src\main\AndroidManifest.xml
	android:versionName
		ADDED from src\main\AndroidManifest.xml:5:5-30
		INJECTED from src\main\AndroidManifest.xml
		INJECTED from src\main\AndroidManifest.xml
	android:versionCode
		ADDED from src\main\AndroidManifest.xml:4:5-28
		INJECTED from src\main\AndroidManifest.xml
		INJECTED from src\main\AndroidManifest.xml
	xmlns:android
		ADDED from src\main\AndroidManifest.xml:2:11-69
uses-sdk
ADDED from src\main\AndroidManifest.xml:7:5-9:41
	android:targetSdkVersion
		ADDED from src\main\AndroidManifest.xml:9:9-38
		INJECTED from src\main\AndroidManifest.xml
		INJECTED from src\main\AndroidManifest.xml
	android:minSdkVersion
		ADDED from src\main\AndroidManifest.xml:8:9-34
		INJECTED from src\main\AndroidManifest.xml
		INJECTED from src\main\AndroidManifest.xml
uses-permission#network
ADDED from src\main\AndroidManifest.xml:11:5-47
	android:name
		ADDED from src\main\AndroidManifest.xml:11:22-44
uses-permission#android.permission.INTERNET
ADDED from src\main\AndroidManifest.xml:12:5-67
	android:name
		ADDED from src\main\AndroidManifest.xml:12:22-64
uses-permission#android.permission.ACCESS_FINE_LOCATION
ADDED from src\main\AndroidManifest.xml:13:5-79
	android:name
		ADDED from src\main\AndroidManifest.xml:13:22-76
application
ADDED from src\main\AndroidManifest.xml:15:5-47:19
	android:label
		ADDED from src\main\AndroidManifest.xml:18:9-41
	android:allowBackup
		ADDED from src\main\AndroidManifest.xml:16:9-35
	android:icon
		ADDED from src\main\AndroidManifest.xml:17:9-44
	android:theme
		ADDED from src\main\AndroidManifest.xml:19:9-40
activity#com.example.whetherdata.activity.SplashScreen
ADDED from src\main\AndroidManifest.xml:20:9-30:20
	android:screenOrientation
		ADDED from src\main\AndroidManifest.xml:23:13-49
	android:label
		ADDED from src\main\AndroidManifest.xml:22:13-45
	android:theme
		ADDED from src\main\AndroidManifest.xml:24:13-66
	android:name
		ADDED from src\main\AndroidManifest.xml:21:13-50
intent-filter#android.intent.action.MAIN+android.intent.category.LAUNCHER
ADDED from src\main\AndroidManifest.xml:25:13-29:29
action#android.intent.action.MAIN
ADDED from src\main\AndroidManifest.xml:26:17-69
	android:name
		ADDED from src\main\AndroidManifest.xml:26:25-66
category#android.intent.category.LAUNCHER
ADDED from src\main\AndroidManifest.xml:28:17-77
	android:name
		ADDED from src\main\AndroidManifest.xml:28:27-74
activity#com.example.whetherdata.activity.MainActivity
ADDED from src\main\AndroidManifest.xml:31:9-35:20
	android:label
		ADDED from src\main\AndroidManifest.xml:33:13-45
	android:theme
		ADDED from src\main\AndroidManifest.xml:34:13-66
	android:name
		ADDED from src\main\AndroidManifest.xml:32:13-50
provider#com.example.whetherdata.provider.WeatherProvider
ADDED from src\main\AndroidManifest.xml:37:9-40:20
	android:authorities
		ADDED from src\main\AndroidManifest.xml:39:13-67
	android:name
		ADDED from src\main\AndroidManifest.xml:38:13-53
activity#com.example.whetherdata.activity.HistoryActivity
ADDED from src\main\AndroidManifest.xml:42:9-46:20
	android:label
		ADDED from src\main\AndroidManifest.xml:44:13-59
	android:theme
		ADDED from src\main\AndroidManifest.xml:45:13-66
	android:name
		ADDED from src\main\AndroidManifest.xml:43:13-53